[0.000000] (-) TimerEvent: {}
[0.000288] (custom_msg_ros2) JobQueued: {'identifier': 'custom_msg_ros2', 'dependencies': OrderedDict()}
[0.000392] (custom_msg_ros2) JobStarted: {'identifier': 'custom_msg_ros2'}
[0.024448] (custom_msg_ros2) JobProgress: {'identifier': 'custom_msg_ros2', 'progress': 'cmake'}
[0.026442] (custom_msg_ros2) JobProgress: {'identifier': 'custom_msg_ros2', 'progress': 'build'}
[0.028784] (custom_msg_ros2) Command: {'cmd': ['/usr/bin/cmake', '--build', '/ws_ros2/build/custom_msg_ros2', '--', '-j4', '-l4'], 'cwd': '/ws_ros2/build/custom_msg_ros2', 'env': OrderedDict([('LESSOPEN', '| /usr/bin/lesspipe %s'), ('HOSTNAME', 'Ubuntu-22'), ('GIT_ASKPASS', '/root/.vscode-server/bin/695af097c7bd098fbf017ce3ac85e09bbc5dda06/extensions/git/dist/askpass.sh'), ('SHLVL', '2'), ('BROWSER', '/root/.vscode-server/bin/695af097c7bd098fbf017ce3ac85e09bbc5dda06/bin/helpers/browser.sh'), ('HOME', '/root'), ('OLDPWD', '/'), ('TERM_PROGRAM_VERSION', '1.79.2'), ('VSCODE_IPC_HOOK_CLI', '/tmp/vscode-ipc-a1b7ce35-5534-4c6c-87e6-870040c1b119.sock'), ('VSCODE_GIT_ASKPASS_MAIN', '/root/.vscode-server/bin/695af097c7bd098fbf017ce3ac85e09bbc5dda06/extensions/git/dist/askpass-main.js'), ('VSCODE_GIT_ASKPASS_NODE', '/root/.vscode-server/bin/695af097c7bd098fbf017ce3ac85e09bbc5dda06/node'), ('COLORTERM', 'truecolor'), ('REMOTE_CONTAINERS', 'true'), ('REMOTE_CONTAINERS_IPC', '/tmp/vscode-remote-containers-ipc-8ecbbfe7-ed03-48b3-880a-ce91af908115.sock'), ('_', '/usr/local/bin/colcon'), ('TERM', 'xterm-256color'), ('QT_X11_NO_MITSHM', '1'), ('PATH', '/root/.vscode-server/bin/695af097c7bd098fbf017ce3ac85e09bbc5dda06/bin/remote-cli:/usr/local/sbin:/usr/local/bin:/usr/sbin:/usr/bin:/sbin:/bin'), ('REMOTE_CONTAINERS_SOCKETS', '["/tmp/vscode-ssh-auth-8ecbbfe7-ed03-48b3-880a-ce91af908115.sock","/tmp/.X11-unix/X11","/root/.gnupg/S.gpg-agent"]'), ('DISPLAY', ':0'), ('LANG', 'en_US.UTF-8'), ('ROS1_DISTRO', 'noetic'), ('XAUTHORITY', '/home/sahil/.Xauthority'), ('LS_COLORS', 'rs=0:di=01;34:ln=01;36:mh=00:pi=40;33:so=01;35:do=01;35:bd=40;33;01:cd=40;33;01:or=40;31;01:mi=00:su=37;41:sg=30;43:ca=30;41:tw=30;42:ow=34;42:st=37;44:ex=01;32:*.tar=01;31:*.tgz=01;31:*.arc=01;31:*.arj=01;31:*.taz=01;31:*.lha=01;31:*.lz4=01;31:*.lzh=01;31:*.lzma=01;31:*.tlz=01;31:*.txz=01;31:*.tzo=01;31:*.t7z=01;31:*.zip=01;31:*.z=01;31:*.dz=01;31:*.gz=01;31:*.lrz=01;31:*.lz=01;31:*.lzo=01;31:*.xz=01;31:*.zst=01;31:*.tzst=01;31:*.bz2=01;31:*.bz=01;31:*.tbz=01;31:*.tbz2=01;31:*.tz=01;31:*.deb=01;31:*.rpm=01;31:*.jar=01;31:*.war=01;31:*.ear=01;31:*.sar=01;31:*.rar=01;31:*.alz=01;31:*.ace=01;31:*.zoo=01;31:*.cpio=01;31:*.7z=01;31:*.rz=01;31:*.cab=01;31:*.wim=01;31:*.swm=01;31:*.dwm=01;31:*.esd=01;31:*.jpg=01;35:*.jpeg=01;35:*.mjpg=01;35:*.mjpeg=01;35:*.gif=01;35:*.bmp=01;35:*.pbm=01;35:*.pgm=01;35:*.ppm=01;35:*.tga=01;35:*.xbm=01;35:*.xpm=01;35:*.tif=01;35:*.tiff=01;35:*.png=01;35:*.svg=01;35:*.svgz=01;35:*.mng=01;35:*.pcx=01;35:*.mov=01;35:*.mpg=01;35:*.mpeg=01;35:*.m2v=01;35:*.mkv=01;35:*.webm=01;35:*.webp=01;35:*.ogm=01;35:*.mp4=01;35:*.m4v=01;35:*.mp4v=01;35:*.vob=01;35:*.qt=01;35:*.nuv=01;35:*.wmv=01;35:*.asf=01;35:*.rm=01;35:*.rmvb=01;35:*.flc=01;35:*.avi=01;35:*.fli=01;35:*.flv=01;35:*.gl=01;35:*.dl=01;35:*.xcf=01;35:*.xwd=01;35:*.yuv=01;35:*.cgm=01;35:*.emf=01;35:*.ogv=01;35:*.ogx=01;35:*.aac=00;36:*.au=00;36:*.flac=00;36:*.m4a=00;36:*.mid=00;36:*.midi=00;36:*.mka=00;36:*.mp3=00;36:*.mpc=00;36:*.ogg=00;36:*.ra=00;36:*.wav=00;36:*.oga=00;36:*.opus=00;36:*.spx=00;36:*.xspf=00;36:'), ('VSCODE_GIT_IPC_HANDLE', '/tmp/vscode-git-44fb393a47.sock'), ('ROS2_DISTRO', 'humble'), ('TERM_PROGRAM', 'vscode'), ('SSH_AUTH_SOCK', '/tmp/vscode-ssh-auth-8ecbbfe7-ed03-48b3-880a-ce91af908115.sock'), ('REMOTE_CONTAINERS_DISPLAY_SOCK', '/tmp/.X11-unix/X11'), ('SHELL', '/bin/bash'), ('LESSCLOSE', '/usr/bin/lesspipe %s %s'), ('VSCODE_GIT_ASKPASS_EXTRA_ARGS', ''), ('PWD', '/ws_ros2/build/custom_msg_ros2'), ('COLCON', '1')]), 'shell': False}
[0.093440] (-) TimerEvent: {}
[0.149432] (custom_msg_ros2) StdoutLine: {'line': b'-- Found ament_cmake: 1.3.5 (/ros2_humble/install/ament_cmake/share/ament_cmake/cmake)\n'}
[0.197468] (-) TimerEvent: {}
[0.301417] (-) TimerEvent: {}
[0.405436] (-) TimerEvent: {}
[0.500535] (custom_msg_ros2) StderrLine: {'line': b'Traceback (most recent call last):\n'}
[0.500930] (custom_msg_ros2) StderrLine: {'line': b'  File "/ros2_humble/install/ament_cmake_core/share/ament_cmake_core/cmake/package_templates/templates_2_cmake.py", line 21, in <module>\n'}
[0.501297] (custom_msg_ros2) StderrLine: {'line': b'    from ament_package.templates import get_environment_hook_template_path\n'}
[0.501583] (custom_msg_ros2) StderrLine: {'line': b"ModuleNotFoundError: No module named 'ament_package'\n"}
[0.505550] (-) TimerEvent: {}
[0.512660] (custom_msg_ros2) StdoutLine: {'line': b'-- Configuring incomplete, errors occurred!\n'}
[0.512989] (custom_msg_ros2) StdoutLine: {'line': b'See also "/ws_ros2/build/custom_msg_ros2/CMakeFiles/CMakeOutput.log".\n'}
[0.513187] (custom_msg_ros2) StderrLine: {'line': b'\x1b[31mCMake Error at /ros2_humble/install/ament_cmake_core/share/ament_cmake_core/cmake/ament_cmake_package_templates-extras.cmake:41 (message):\n'}
[0.513376] (custom_msg_ros2) StderrLine: {'line': b'  execute_process(/usr/bin/python3.10\n'}
[0.513541] (custom_msg_ros2) StderrLine: {'line': b'  /ros2_humble/install/ament_cmake_core/share/ament_cmake_core/cmake/package_templates/templates_2_cmake.py\n'}
[0.513697] (custom_msg_ros2) StderrLine: {'line': b'  /ws_ros2/build/custom_msg_ros2/ament_cmake_package_templates/templates.cmake)\n'}
[0.518077] (custom_msg_ros2) StderrLine: {'line': b'  returned error code 1\n'}
[0.518285] (custom_msg_ros2) StderrLine: {'line': b'Call Stack (most recent call first):\n'}
[0.518462] (custom_msg_ros2) StderrLine: {'line': b'  /ros2_humble/install/ament_cmake_core/share/ament_cmake_core/cmake/ament_cmake_coreConfig.cmake:41 (include)\n'}
[0.518635] (custom_msg_ros2) StderrLine: {'line': b'  /ros2_humble/install/ament_cmake/share/ament_cmake/cmake/ament_cmake_export_dependencies-extras.cmake:15 (find_package)\n'}
[0.518805] (custom_msg_ros2) StderrLine: {'line': b'  /ros2_humble/install/ament_cmake/share/ament_cmake/cmake/ament_cmakeConfig.cmake:41 (include)\n'}
[0.518972] (custom_msg_ros2) StderrLine: {'line': b'  CMakeLists.txt:9 (find_package)\n'}
[0.529925] (custom_msg_ros2) StderrLine: {'line': b'\n'}
[0.530342] (custom_msg_ros2) StderrLine: {'line': b'\x1b[0m\n'}
[0.530583] (custom_msg_ros2) StderrLine: {'line': b'gmake: *** [Makefile:541: cmake_check_build_system] Error 1\n'}
[0.530803] (custom_msg_ros2) CommandEnded: {'returncode': 2}
[0.605679] (-) TimerEvent: {}
[0.685244] (custom_msg_ros2) JobEnded: {'identifier': 'custom_msg_ros2', 'rc': 2}
[0.696918] (-) EventReactorShutdown: {}
